<?xml version="1.0" encoding="UTF-8"?>
<!-- Generated by org.testng.reporters.JUnitXMLReporter -->
<testsuite ignored="0" hostname="LAPTOP-3Q10L00T" failures="1" tests="1" name="Banking App Test" time="22.916" errors="0" timestamp="2021-10-28T22:40:26 EDT">
  <testcase classname="com.inetbanking.TestCases.TC_AddCustomerTest_003" name="AddCustomerTest" time="16.031">
    <failure type="java.lang.AssertionError" message="expected [true] but found [false]">
      <![CDATA[java.lang.AssertionError: expected [true] but found [false]
at com.inetbanking.TestCases.TC_AddCustomerTest_003.AddCustomerTest(TC_AddCustomerTest_003.java:59)
at java.base/java.util.ArrayList.forEach(ArrayList.java:1511)
... Removed 31 stack frames]]>
    </failure>
  </testcase> <!-- AddCustomerTest -->
</testsuite> <!-- Banking App Test -->
